<?xml version="1.0" encoding="UTF-8"?>
<!-- Generated by org.testng.reporters.JUnitXMLReporter -->
<testsuite ignored="0" hostname="LAPTOP-89J8GLLP" failures="0" tests="3" name="Default test" time="3.14" errors="0" timestamp="2024-09-26T17:53:12 IST">
  <testcase classname="API_RestAssured.project2validationStatusCode" name="getRequest" time="2.077"/>
  <testcase classname="API_RestAssured.project2validationStatusCode" name="postRequest" time="0.608"/>
  <testcase classname="API_RestAssured.project2validationStatusCode" name="test" time="0.393"/>
</testsuite> <!-- Default test -->
