<?xml version="1.0" encoding="UTF-8"?>
<testng-results ignored="0" total="3" passed="3" failed="0" skipped="0">
  <reporter-output>
  </reporter-output>
  <suite started-at="2024-09-26T17:53:09 IST" name="Default suite" finished-at="2024-09-26T17:53:12 IST" duration-ms="3140">
    <groups>
    </groups>
    <test started-at="2024-09-26T17:53:09 IST" name="Default test" finished-at="2024-09-26T17:53:12 IST" duration-ms="3140">
      <class name="API_RestAssured.project2validationStatusCode">
        <test-method signature="getRequest()[pri:0, instance:API_RestAssured.project2validationStatusCode@470f1802]" started-at="2024-09-26T17:53:09 IST" name="getRequest" finished-at="2024-09-26T17:53:11 IST" duration-ms="2077" status="PASS">
          <reporter-output>
          </reporter-output>
        </test-method> <!-- getRequest -->
        <test-method signature="postRequest()[pri:0, instance:API_RestAssured.project2validationStatusCode@470f1802]" started-at="2024-09-26T17:53:11 IST" name="postRequest" finished-at="2024-09-26T17:53:12 IST" duration-ms="608" status="PASS">
          <reporter-output>
          </reporter-output>
        </test-method> <!-- postRequest -->
        <test-method signature="test()[pri:0, instance:API_RestAssured.project2validationStatusCode@470f1802]" started-at="2024-09-26T17:53:12 IST" name="test" finished-at="2024-09-26T17:53:12 IST" duration-ms="393" status="PASS">
          <reporter-output>
          </reporter-output>
        </test-method> <!-- test -->
      </class> <!-- API_RestAssured.project2validationStatusCode -->
    </test> <!-- Default test -->
  </suite> <!-- Default suite -->
</testng-results>
